<?xml version="1.0" encoding="UTF-8"?>
<!-- Generated by org.testng.reporters.JUnitXMLReporter -->
<testsuite ignored="2" hostname="DESKTOP-J6FD0VT" failures="0" tests="3" name="Test" time="0.067" errors="0" timestamp="2022-10-31T23:39:56 IST">
  <testcase classname="com.Utility.BaseClass" name="@BeforeMethod setUp" time="-1.66723979679E9">
    <failure type="org.testng.TestNGException" message="
Parameter &amp;apos;BrowserName&amp;apos; is required by BeforeMethod on method setUp but has not been marked @Optional or defined
in C:\Users\USER\eclipse-workspace\3AAPawan\MasterSuite.xml">
      <![CDATA[org.testng.TestNGException: 
Parameter 'BrowserName' is required by BeforeMethod on method setUp but has not been marked @Optional or defined
in C:\Users\USER\eclipse-workspace\3AAPawan\MasterSuite.xml
at java.base/java.util.ArrayList.forEach(ArrayList.java:1511)
... Removed 28 stack frames]]>
    </failure>
  </testcase> <!-- @BeforeMethod setUp -->
  <testcase classname="com.Utility.BaseClass" name="@AfterMethod closeSetup" time="-1.667239796802E9">
    <skipped/>
  </testcase> <!-- @AfterMethod closeSetup -->
  <testcase classname="com.Utility.BaseClass" name="@BeforeMethod setUp" time="-1.667239796811E9">
    <failure type="org.testng.TestNGException" message="
Parameter &amp;apos;BrowserName&amp;apos; is required by BeforeMethod on method setUp but has not been marked @Optional or defined
in C:\Users\USER\eclipse-workspace\3AAPawan\MasterSuite.xml">
      <![CDATA[org.testng.TestNGException: 
Parameter 'BrowserName' is required by BeforeMethod on method setUp but has not been marked @Optional or defined
in C:\Users\USER\eclipse-workspace\3AAPawan\MasterSuite.xml
at java.base/java.util.ArrayList.forEach(ArrayList.java:1511)
... Removed 28 stack frames]]>
    </failure>
  </testcase> <!-- @BeforeMethod setUp -->
  <testcase classname="com.Utility.BaseClass" name="@AfterMethod closeSetup" time="-1.66723979682E9">
    <skipped/>
  </testcase> <!-- @AfterMethod closeSetup -->
  <testcase classname="com.Utility.BaseClass" name="@BeforeMethod setUp" time="-1.667239796827E9">
    <failure type="org.testng.TestNGException" message="
Parameter &amp;apos;BrowserName&amp;apos; is required by BeforeMethod on method setUp but has not been marked @Optional or defined
in C:\Users\USER\eclipse-workspace\3AAPawan\MasterSuite.xml">
      <![CDATA[org.testng.TestNGException: 
Parameter 'BrowserName' is required by BeforeMethod on method setUp but has not been marked @Optional or defined
in C:\Users\USER\eclipse-workspace\3AAPawan\MasterSuite.xml
at java.base/java.util.ArrayList.forEach(ArrayList.java:1511)
... Removed 28 stack frames]]>
    </failure>
  </testcase> <!-- @BeforeMethod setUp -->
  <testcase classname="com.Utility.BaseClass" name="@AfterMethod closeSetup" time="-1.667239796834E9">
    <skipped/>
  </testcase> <!-- @AfterMethod closeSetup -->
  <testcase classname="com.Test.Test1" name="verifyLoginPAge_FB" time="0.0">
    <skipped/>
  </testcase> <!-- verifyLoginPAge_FB -->
  <testcase classname="com.Test.Test2" name="test2" time="0.0">
    <skipped/>
  </testcase> <!-- test2 -->
  <testcase classname="com.Test.Test3" name="test3" time="0.0">
    <skipped/>
  </testcase> <!-- test3 -->
  <testcase classname="com.Utility.BaseClass" name="@BeforeSuite bs" time="0.0">
    <ignored/>
  </testcase> <!-- @BeforeSuite bs -->
  <testcase classname="com.Utility.BaseClass" name="@BeforeSuite bs" time="0.0">
    <ignored/>
  </testcase> <!-- @BeforeSuite bs -->
</testsuite> <!-- Test -->
