<?xml version="1.0" encoding="UTF-8"?>
<!-- Generated by org.testng.reporters.JUnitXMLReporter -->
<testsuite ignored="2" hostname="DESKTOP-J6FD0VT" failures="1" tests="3" name="Test_Firefox" time="18.666" errors="0" timestamp="2022-10-31T17:48:29 IST">
  <testcase classname="com.Test.Test1" name="verifyLoginPAge_FB" time="5.31">
    <failure type="java.lang.AssertionError" message="expected [HomePage] but found [Facebook – log in or sign up]">
      <![CDATA[java.lang.AssertionError: expected [HomePage] but found [Facebook – log in or sign up]
at com.Test.Test1.verifyLoginPAge_FB(Test1.java:28)
at java.base/java.util.ArrayList.forEach(ArrayList.java:1511)
... Removed 33 stack frames]]>
    </failure>
  </testcase> <!-- verifyLoginPAge_FB -->
  <testcase classname="com.Test.Test2" name="test2" time="0.003"/>
  <testcase classname="com.Test.Test3" name="test3" time="0.0"/>
  <testcase classname="com.Utility.BaseClass" name="@BeforeSuite bs" time="0.0">
    <ignored/>
  </testcase> <!-- @BeforeSuite bs -->
  <testcase classname="com.Utility.BaseClass" name="@BeforeSuite bs" time="0.0">
    <ignored/>
  </testcase> <!-- @BeforeSuite bs -->
</testsuite> <!-- Test_Firefox -->
